#
# A fatal error has been detected by the Java Runtime Environment:
#
#  SIGSEGV (0xb) at pc=0x74152797, pid=5645, tid=1982307136
#
# JRE version: 6.0_27-b27
# Java VM: OpenJDK Server VM (20.0-b12 mixed mode linux-x86 )
# Derivative: IcedTea6 1.12.6
# Distribution: Ubuntu 12.04 LTS, package 6b27-1.12.6-1ubuntu0.12.04.2
# Problematic frame:
# C  [libXnVFeatures_1_5_2.so+0x72797]  Segmentation::updateCCsInfo()+0x147
#
# If you would like to submit a bug report, please include
# instructions how to reproduce the bug and visit:
#   https://bugs.launchpad.net/ubuntu/+source/openjdk-6/
# The crash happened outside the Java Virtual Machine in native code.
# See problematic frame for where to report the bug.
#

---------------  T H R E A D  ---------------

Current thread (0x64d4a400):  JavaThread "Thread-6" [_thread_in_native, id=5706, stack(0x76229000,0x7627a000)]

siginfo:si_signo=SIGSEGV: si_errno=0, si_code=1 (SEGV_MAPERR), si_addr=0x71c037fc

Registers:
EAX=0x71b86fe0, EBX=0x744e9ff4, ECX=0x0001f207, EDX=0xffffffde
ESP=0x76278740, EBP=0x76278808, ESI=0x71b14d08, EDI=0x6011e948
EIP=0x74152797, EFLAGS=0x00010287, CR2=0x71c037fc

Top of Stack: (sp=0x76278740)
0x76278740:   601fe4f0 00000034 00000050 00000050
0x76278750:   00000050 00008bb6 00008dc4 01008bb6
0x76278760:   00000400 00008dc4 0000000b 76278798
0x76278770:   744eade8 0000002e 00000400 0001f207
0x76278780:   00000036 0001f207 71b14d08 0000004c
0x76278790:   000009f7 00000400 00000000 00000001
0x762787a0:   00000000 00000000 0000002e 00000000
0x762787b0:   00000000 00000000 00000008 00000000 

Instructions: (pc=0x74152797)
0x74152777:   00 8b 85 6c ff ff ff 8b 8b a0 12 00 00 29 d0 89
0x74152787:   8d 70 ff ff ff 89 c2 8b 8d 74 ff ff ff 8b 46 58
0x74152797:   0f af 14 88 8b 4e 6c 03 95 70 ff ff ff 8b 75 08
0x741527a7:   d3 fa 89 97 ec 0c 00 00 8b 95 7c ff ff ff 89 97 

Register to memory mapping:

EAX=0x71b86fe0 is an unknown value
EBX=0x744e9ff4: <offset 0x409ff4> in /usr/lib/libXnVFeatures_1_5_2.so at 0x740e0000
ECX=0x0001f207 is an unknown value
EDX=0xffffffde is an unknown value
ESP=0x76278740 is pointing into the stack for thread: 0x64d4a400
EBP=0x76278808 is pointing into the stack for thread: 0x64d4a400
ESI=0x71b14d08 is an unknown value
EDI=0x6011e948 is an unknown value


Stack: [0x76229000,0x7627a000],  sp=0x76278740,  free space=317k
Native frames: (J=compiled Java code, j=interpreted, Vv=VM code, C=native code)
C  [libXnVFeatures_1_5_2.so+0x72797]  Segmentation::updateCCsInfo()+0x147
C  [libXnVFeatures_1_5_2.so+0x806fb]  Segmentation::update(Array2D<unsigned short> const&, MotionDetectorByEdges const&, Floor const&, Farfield&, std::vector<Vector2D<int>, std::allocator<Vector2D<int> > > const*)+0x1bb
C  [libXnVFeatures_1_5_2.so+0x66bd1]  SceneAnalyzer::Update(std::vector<Vector2D<int>, std::allocator<Vector2D<int> > > const*, unsigned int)+0x161
C  [libXnVFeatures_1_5_2.so+0x2cb36]  XnVSceneAnalyzer::UpdateData()+0x1c6
C  [libXnVFeatures_1_5_2.so+0x270f7]  __ModuleUpdateData(void*)+0x47

Java frames: (J=compiled Java code, j=interpreted, Vv=VM code)
j  org.OpenNI.NativeMethods.xnWaitAnyUpdateAll(J)I+0
j  org.OpenNI.Context.waitAnyUpdateAll()V+4
J  tracker.Tracker.updateDepth()I
j  tracker.TrackerApplication.run()V+11
j  java.lang.Thread.run()V+11
v  ~StubRoutines::call_stub

---------------  P R O C E S S  ---------------

Java Threads: ( => current thread )
=>0x64d4a400 JavaThread "Thread-6" [_thread_in_native, id=5706, stack(0x76229000,0x7627a000)]
  0x64d3d400 JavaThread "Image Fetcher 1" daemon [_thread_blocked, id=5702, stack(0x7641c000,0x7646d000)]
  0x64d3c400 JavaThread "Image Fetcher 0" daemon [_thread_blocked, id=5701, stack(0x76b0d000,0x76b5e000)]
  0x64d3ac00 JavaThread "Thread-5" daemon [_thread_blocked, id=5699, stack(0x76b5e000,0x76baf000)]
  0x77c8b800 JavaThread "Thread-3" [_thread_in_native, id=5686, stack(0x7646d000,0x764be000)]
  0x77c06c00 JavaThread "TimerQueue" daemon [_thread_blocked, id=5678, stack(0x74d98000,0x74de9000)]
  0xb6606400 JavaThread "DestroyJavaVM" [_thread_blocked, id=5649, stack(0xb6734000,0xb6785000)]
  0x763c3c00 JavaThread "AWT-EventQueue-1" [_thread_blocked, id=5676, stack(0x76d28000,0x76d79000)]
  0x772d7400 JavaThread "AWT-EventQueue-2" [_thread_blocked, id=5675, stack(0x76813000,0x76864000)]
  0x772e3c00 JavaThread "AWT-Shutdown" [_thread_blocked, id=5674, stack(0x76baf000,0x76c00000)]
  0x772c8400 JavaThread "AWT-XAWT" daemon [_thread_in_native, id=5662, stack(0x76d79000,0x76dca000)]
  0x7720d800 JavaThread "Java2D Disposer" daemon [_thread_blocked, id=5661, stack(0x76e87000,0x76ed8000)]
  0xb66a6000 JavaThread "Low Memory Detector" daemon [_thread_blocked, id=5659, stack(0x773c3000,0x77414000)]
  0xb66a4400 JavaThread "C2 CompilerThread1" daemon [_thread_blocked, id=5658, stack(0x77414000,0x77495000)]
  0xb66a2400 JavaThread "C2 CompilerThread0" daemon [_thread_blocked, id=5657, stack(0x77495000,0x77516000)]
  0xb66a0c00 JavaThread "Signal Dispatcher" daemon [_thread_blocked, id=5656, stack(0x77b2e000,0x77b7f000)]
  0xb6690400 JavaThread "Finalizer" daemon [_thread_blocked, id=5655, stack(0x77716000,0x77767000)]
  0xb668ec00 JavaThread "Reference Handler" daemon [_thread_blocked, id=5654, stack(0x77767000,0x777b8000)]

Other Threads:
  0xb668c000 VMThread [stack: 0x777b8000,0x77839000] [id=5653]
  0xb66a7c00 WatcherThread [stack: 0x77342000,0x773c3000] [id=5660]

VM state:not at safepoint (normal execution)

VM Mutex/Monitor currently owned by a thread: None

Heap
 PSYoungGen      total 76800K, used 20706K [0xa2390000, 0xaa0e0000, 0xb34e0000)
  eden space 71040K, 21% used [0xa2390000,0xa322b588,0xa68f0000)
  from space 5760K, 99% used [0xa9b40000,0xaa0dd340,0xaa0e0000)
  to   space 16576K, 0% used [0xa8080000,0xa8080000,0xa90b0000)
 PSOldGen        total 69952K, used 35007K [0x800e0000, 0x84530000, 0xa2390000)
  object space 69952K, 50% used [0x800e0000,0x8230fff0,0x84530000)
 PSPermGen       total 50048K, used 26963K [0x780e0000, 0x7b1c0000, 0x800e0000)
  object space 50048K, 53% used [0x780e0000,0x79b34c68,0x7b1c0000)

Code Cache  [0xb35af000, 0xb37ef000, 0xb65af000)
 total_blobs=747 nmethods=464 adapters=237 free_code_cache=48711168 largest_free_block=28928

Dynamic libraries:
08048000-08051000 r-xp 00000000 08:07 11414533   /usr/lib/jvm/java-6-openjdk-i386/jre/bin/java
08051000-08052000 r--p 00008000 08:07 11414533   /usr/lib/jvm/java-6-openjdk-i386/jre/bin/java
08052000-08053000 rw-p 00009000 08:07 11414533   /usr/lib/jvm/java-6-openjdk-i386/jre/bin/java
083ff000-0a2b1000 rw-p 00000000 00:00 0          [heap]
53f00000-54078000 rw-p 00000000 00:00 0 
54078000-54100000 ---p 00000000 00:00 0 
54100000-54300000 rw-p 00000000 00:00 0 
54300000-54500000 rw-p 00000000 00:00 0 
54500000-54700000 rw-p 00000000 00:00 0 
54700000-54900000 rw-p 00000000 00:00 0 
54900000-54b00000 rw-p 00000000 00:00 0 
54b00000-54d00000 rw-p 00000000 00:00 0 
54d00000-54f00000 rw-p 00000000 00:00 0 
54f00000-55100000 rw-p 00000000 00:00 0 
55100000-55300000 rw-p 00000000 00:00 0 
55300000-55500000 rw-p 00000000 00:00 0 
55500000-55700000 rw-p 00000000 00:00 0 
55700000-557ff000 rw-p 00000000 00:00 0 
557ff000-55800000 ---p 00000000 00:00 0 
55800000-55900000 rw-p 00000000 00:00 0 
55900000-55aff000 rw-p 00000000 00:00 0 
55aff000-55b00000 ---p 00000000 00:00 0 
55b00000-55d00000 rw-p 00000000 00:00 0 
55d00000-55f00000 rw-p 00000000 00:00 0 
55f00000-56100000 rw-p 00000000 00:00 0 
56100000-56300000 rw-p 00000000 00:00 0 
56300000-56500000 rw-p 00000000 00:00 0 
56500000-56700000 rw-p 00000000 00:00 0 
56700000-56900000 rw-p 00000000 00:00 0 
56900000-56b00000 rw-p 00000000 00:00 0 
56b00000-56d00000 rw-p 00000000 00:00 0 
56d00000-56f00000 rw-p 00000000 00:00 0 
56f00000-57100000 rw-p 00000000 00:00 0 
57100000-571ff000 rw-p 00000000 00:00 0 
571ff000-57200000 ---p 00000000 00:00 0 
57200000-572ff000 rw-p 00000000 00:00 0 
572ff000-57300000 ---p 00000000 00:00 0 
57300000-57500000 rw-p 00000000 00:00 0 
57500000-57700000 rw-p 00000000 00:00 0 
57700000-57900000 rw-p 00000000 00:00 0 
57900000-579ff000 rw-p 00000000 00:00 0 
579ff000-57a00000 ---p 00000000 00:00 0 
57a50000-5c1c5000 rw-p 00000000 00:00 0 
5c300000-5c400000 rw-p 00000000 00:00 0 
5c482000-5e100000 rw-p 00000000 00:00 0 
5e100000-5e1fa000 rw-p 00000000 00:00 0 
5e1fa000-5e200000 ---p 00000000 00:00 0 
5e200000-5e300000 rw-p 00000000 00:00 0 
5e300000-5e3f7000 rw-p 00000000 00:00 0 
5e3f7000-5e400000 ---p 00000000 00:00 0 
5e47e000-5e900000 rw-p 00000000 00:00 0 
5e900000-5e9ff000 rw-p 00000000 00:00 0 
5e9ff000-5ea00000 ---p 00000000 00:00 0 
5ea69000-5eb00000 rw-p 00000000 00:00 0 
5eb00000-5ebf0000 rw-p 00000000 00:00 0 
5ebf0000-5ec00000 ---p 00000000 00:00 0 
5ec69000-5ed00000 rw-p 00000000 00:00 0 
5ed00000-5ee00000 rw-p 00000000 00:00 0 
5ee00000-5eefe000 rw-p 00000000 00:00 0 
5eefe000-5ef00000 ---p 00000000 00:00 0 
5ef69000-5f000000 rw-p 00000000 00:00 0 
5f000000-5f100000 rw-p 00000000 00:00 0 
5f102000-60200000 rw-p 00000000 00:00 0 
60200000-60300000 rw-p 00000000 00:00 0 
60300000-60400000 rw-p 00000000 00:00 0 
60469000-60500000 rw-p 00000000 00:00 0 
60500000-60700000 rw-p 00000000 00:00 0 
60700000-607f8000 rw-p 00000000 00:00 0 
607f8000-60800000 ---p 00000000 00:00 0 
60867000-608fe000 rw-p 00000000 00:00 0 
608fe000-61006000 r--s 00000000 00:12 1802402    /run/shm/5680_045e.02ae@1.10_Depth
61006000-61133000 rw-p 00000000 00:00 0 
61133000-61134000 ---p 00000000 00:00 0 
61134000-61934000 rwxp 00000000 00:00 0 
61934000-63c60000 rw-p 00000000 00:00 0 
63c60000-64d00000 rw-p 00000000 00:00 0 
64d00000-64dfc000 rw-p 00000000 00:00 0 
64dfc000-64e00000 ---p 00000000 00:00 0 
64e4c000-65600000 rw-p 00000000 00:00 0 
65600000-657fa000 rw-p 00000000 00:00 0 
657fa000-65800000 ---p 00000000 00:00 0 
65800000-65a00000 rw-p 00000000 00:00 0 
65a00000-65c00000 rw-p 00000000 00:00 0 
65c00000-65e00000 rw-p 00000000 00:00 0 
65e00000-66000000 rw-p 00000000 00:00 0 
66000000-66200000 rw-p 00000000 00:00 0 
66200000-66400000 rw-p 00000000 00:00 0 
66400000-66600000 rw-p 00000000 00:00 0 
66600000-66800000 rw-p 00000000 00:00 0 
66800000-66a00000 rw-p 00000000 00:00 0 
66a00000-66c00000 rw-p 00000000 00:00 0 
66c00000-66e00000 rw-p 00000000 00:00 0 
66e00000-67000000 rw-p 00000000 00:00 0 
67000000-67200000 rw-p 00000000 00:00 0 
67200000-67400000 rw-p 00000000 00:00 0 
67400000-67600000 rw-p 00000000 00:00 0 
67600000-67800000 rw-p 00000000 00:00 0 
67800000-67a00000 rw-p 00000000 00:00 0 
67a00000-67c00000 rw-p 00000000 00:00 0 
67c00000-67e00000 rw-p 00000000 00:00 0 
67e00000-68000000 rw-p 00000000 00:00 0 
68000000-68200000 rw-p 00000000 00:00 0 
68200000-68400000 rw-p 00000000 00:00 0 
68400000-68600000 rw-p 00000000 00:00 0 
68600000-68800000 rw-p 00000000 00:00 0 
68800000-68a00000 rw-p 00000000 00:00 0 
68a00000-68c00000 rw-p 00000000 00:00 0 
68c00000-68e00000 rw-p 00000000 00:00 0 
68e00000-69000000 rw-p 00000000 00:00 0 
69000000-690ff000 rw-p 00000000 00:00 0 
690ff000-69100000 ---p 00000000 00:00 0 
6910d000-6f500000 rw-p 00000000 00:00 0 
6f500000-6f5ff000 rw-p 00000000 00:00 0 
6f5ff000-6f600000 ---p 00000000 00:00 0 
6f600000-6f700000 rw-p 00000000 00:00 0 
6f700000-6f7e7000 rw-p 00000000 00:00 0 
6f7e7000-6f800000 ---p 00000000 00:00 0 
6f823000-6fb00000 rw-p 00000000 00:00 0 
6fb00000-6fbea000 rw-p 00000000 00:00 0 
6fbea000-6fc00000 ---p 00000000 00:00 0 
6fc7e000-70100000 rw-p 00000000 00:00 0 
70100000-701f6000 rw-p 00000000 00:00 0 
701f6000-70200000 ---p 00000000 00:00 0 
70200000-702dd000 rw-p 00000000 00:00 0 
702dd000-70300000 ---p 00000000 00:00 0 
70369000-70400000 rw-p 00000000 00:00 0 
70400000-70500000 rw-p 00000000 00:00 0 
7053b000-70700000 rw-p 00000000 00:00 0 
70700000-708f9000 rw-p 00000000 00:00 0 
708f9000-70900000 ---p 00000000 00:00 0 
70900000-709ff000 rw-p 00000000 00:00 0 
709ff000-70a00000 ---p 00000000 00:00 0 
70a02000-71b00000 rw-p 00000000 00:00 0 
71b00000-71bfd000 rw-p 00000000 00:00 0 
71bfd000-71c00000 ---p 00000000 00:00 0 
71c69000-71d00000 rw-p 00000000 00:00 0 
71d00000-71e00000 rw-p 00000000 00:00 0 
71e69000-71f00000 rw-p 00000000 00:00 0 
71f00000-72000000 rw-p 00000000 00:00 0 
72000000-72100000 rw-p 00000000 00:00 0 
72169000-72200000 rw-p 00000000 00:00 0 
72200000-722fe000 rw-p 00000000 00:00 0 
722fe000-72300000 ---p 00000000 00:00 0 
72369000-72400000 rw-p 00000000 00:00 0 
72400000-724f6000 rw-p 00000000 00:00 0 
724f6000-72500000 ---p 00000000 00:00 0 
72569000-72600000 rw-p 00000000 00:00 0 
72600000-726ff000 rw-p 00000000 00:00 0 
726ff000-72700000 ---p 00000000 00:00 0 
72700000-72800000 rw-p 00000000 00:00 0 
72800000-728fd000 rw-p 00000000 00:00 0 
728fd000-72900000 ---p 00000000 00:00 0 
7291d000-73025000 r--s 00000000 00:12 1802402    /run/shm/5680_045e.02ae@1.10_Depth
73025000-73152000 rw-p 00000000 00:00 0 
73152000-73153000 ---p 00000000 00:00 0 
73153000-73953000 rwxp 00000000 00:00 0 
73953000-73d54000 rw-p 00000000 00:00 0 
73d54000-73e37000 r-xp 00000000 08:07 11412557   /usr/lib/libXnVHandGenerator_1_5_2.so
73e37000-73e3a000 r--p 000e3000 08:07 11412557   /usr/lib/libXnVHandGenerator_1_5_2.so
73e3a000-73e3b000 rw-p 000e6000 08:07 11412557   /usr/lib/libXnVHandGenerator_1_5_2.so
73e3b000-73e47000 rw-p 00000000 00:00 0 
73e47000-73f1c000 r-xp 00000000 08:07 11412554   /usr/lib/libXnVHandGenerator_1_4_2.so
73f1c000-73f1d000 ---p 000d5000 08:07 11412554   /usr/lib/libXnVHandGenerator_1_4_2.so
73f1d000-73f1f000 r--p 000d5000 08:07 11412554   /usr/lib/libXnVHandGenerator_1_4_2.so
73f1f000-73f20000 rw-p 000d7000 08:07 11412554   /usr/lib/libXnVHandGenerator_1_4_2.so
73f20000-73f22000 rw-p 00000000 00:00 0 
73f22000-73ff6000 r-xp 00000000 08:07 11412551   /usr/lib/libXnVHandGenerator_1_4_1.so
73ff6000-73ff7000 ---p 000d4000 08:07 11412551   /usr/lib/libXnVHandGenerator_1_4_1.so
73ff7000-73ff9000 r--p 000d4000 08:07 11412551   /usr/lib/libXnVHandGenerator_1_4_1.so
73ff9000-73ffa000 rw-p 000d6000 08:07 11412551   /usr/lib/libXnVHandGenerator_1_4_1.so
73ffa000-73ffc000 rw-p 00000000 00:00 0 
73ffc000-740da000 r-xp 00000000 08:07 11412548   /usr/lib/libXnVHandGenerator_1_3_1.so
740da000-740dd000 r--p 000dd000 08:07 11412548   /usr/lib/libXnVHandGenerator_1_3_1.so
740dd000-740de000 rw-p 000e0000 08:07 11412548   /usr/lib/libXnVHandGenerator_1_3_1.so
740de000-740e0000 rw-p 00000000 00:00 0 
740e0000-744e1000 r-xp 00000000 08:07 11412541   /usr/lib/libXnVFeatures_1_5_2.so
744e1000-744e2000 ---p 00401000 08:07 11412541   /usr/lib/libXnVFeatures_1_5_2.so
744e2000-744ea000 r--p 00401000 08:07 11412541   /usr/lib/libXnVFeatures_1_5_2.so
744ea000-744eb000 rw-p 00409000 08:07 11412541   /usr/lib/libXnVFeatures_1_5_2.so
744eb000-744ff000 rw-p 00000000 00:00 0 
744ff000-746e6000 r-xp 00000000 08:07 11412530   /usr/lib/libXnVFeatures_1_4_2.so
746e6000-746e9000 r--p 001e6000 08:07 11412530   /usr/lib/libXnVFeatures_1_4_2.so
746e9000-746ea000 rw-p 001e9000 08:07 11412530   /usr/lib/libXnVFeatures_1_4_2.so
746ea000-746ef000 rw-p 00000000 00:00 0 
746ef000-748d6000 r-xp 00000000 08:07 11412525   /usr/lib/libXnVFeatures_1_4_1.so
748d6000-748d9000 r--p 001e6000 08:07 11412525   /usr/lib/libXnVFeatures_1_4_1.so
748d9000-748da000 rw-p 001e9000 08:07 11412525   /usr/lib/libXnVFeatures_1_4_1.so
748da000-748df000 rw-p 00000000 00:00 0 
748df000-74afd000 r-xp 00000000 08:07 11412520   /usr/lib/libXnVFeatures_1_3_1.so
74afd000-74afe000 ---p 0021e000 08:07 11412520   /usr/lib/libXnVFeatures_1_3_1.so
74afe000-74b01000 r--p 0021e000 08:07 11412520   /usr/lib/libXnVFeatures_1_3_1.so
74b01000-74b02000 rw-p 00221000 08:07 11412520   /usr/lib/libXnVFeatures_1_3_1.so
74b02000-74b07000 rw-p 00000000 00:00 0 
74b07000-74b2e000 r-xp 00000000 08:07 11412434   /usr/lib/libXnDeviceFile.so
74b2e000-74b2f000 r--p 00027000 08:07 11412434   /usr/lib/libXnDeviceFile.so
74b2f000-74b30000 rw-p 00028000 08:07 11412434   /usr/lib/libXnDeviceFile.so
74b30000-74b75000 r-xp 00000000 08:07 11412433   /usr/lib/libXnDDK.so
74b75000-74b77000 r--p 00044000 08:07 11412433   /usr/lib/libXnDDK.so
74b77000-74b78000 rw-p 00046000 08:07 11412433   /usr/lib/libXnDDK.so
74b78000-74b9c000 r-xp 00000000 08:07 11412436   /usr/lib/libXnFormats.so
74b9c000-74b9d000 r--p 00023000 08:07 11412436   /usr/lib/libXnFormats.so
74b9d000-74b9e000 rw-p 00024000 08:07 11412436   /usr/lib/libXnFormats.so
74b9e000-74bbe000 rw-p 00000000 00:00 0 
74bbe000-74c3e000 r-xp 00000000 08:07 11412435   /usr/lib/libXnDeviceSensorV2KM.so
74c3e000-74c46000 r--p 00080000 08:07 11412435   /usr/lib/libXnDeviceSensorV2KM.so
74c46000-74c47000 rw-p 00088000 08:07 11412435   /usr/lib/libXnDeviceSensorV2KM.so
74c47000-74c66000 r-xp 00000000 08:07 11412353   /usr/lib/libnimRecorder.so
74c66000-74c67000 r--p 0001f000 08:07 11412353   /usr/lib/libnimRecorder.so
74c67000-74c68000 rw-p 00020000 08:07 11412353   /usr/lib/libnimRecorder.so
74c68000-74c9d000 r-xp 00000000 08:07 11412351   /usr/lib/libnimCodecs.so
74c9d000-74c9f000 r--p 00034000 08:07 11412351   /usr/lib/libnimCodecs.so
74c9f000-74ca0000 rw-p 00036000 08:07 11412351   /usr/lib/libnimCodecs.so
74ca0000-74cc0000 rw-p 00000000 00:00 0 
74cc0000-74cec000 r-xp 00000000 08:07 11412352   /usr/lib/libnimMockNodes.so
74cec000-74cf3000 r--p 0002b000 08:07 11412352   /usr/lib/libnimMockNodes.so
74cf3000-74cf4000 rw-p 00032000 08:07 11412352   /usr/lib/libnimMockNodes.so
74cf4000-74d71000 r-xp 00000000 08:07 11412355   /usr/lib/libOpenNI.so
74d71000-74d73000 r--p 0007c000 08:07 11412355   /usr/lib/libOpenNI.so
74d73000-74d75000 rw-p 0007e000 08:07 11412355   /usr/lib/libOpenNI.so
74d75000-74d95000 r-xp 00000000 08:07 11412354   /usr/lib/libOpenNI.jni.so
74d95000-74d96000 r--p 0001f000 08:07 11412354   /usr/lib/libOpenNI.jni.so
74d96000-74d98000 rw-p 00020000 08:07 11412354   /usr/lib/libOpenNI.jni.so
74d98000-74de9000 rwxp 00000000 00:00 0 
74df3000-75334000 rw-p 00000000 00:00 0 
75334000-75700000 rw-s 00000000 00:04 4423685    /SYSV00000000 (deleted)
75700000-757fe000 rw-p 00000000 00:00 0 
757fe000-75800000 ---p 00000000 00:00 0 
75812000-75819000 r-xp 00000000 08:07 11414571   /usr/lib/jvm/java-6-openjdk-i386/jre/lib/i386/libmanagement.so
75819000-7581a000 r--p 00006000 08:07 11414571   /usr/lib/jvm/java-6-openjdk-i386/jre/lib/i386/libmanagement.so
7581a000-7581b000 rw-p 00007000 08:07 11414571   /usr/lib/jvm/java-6-openjdk-i386/jre/lib/i386/libmanagement.so
75868000-75900000 rw-p 00000000 00:00 0 
75900000-759e4000 rw-p 00000000 00:00 0 
759e4000-75a00000 ---p 00000000 00:00 0 
75a00000-75a0e000 r-xp 00000000 08:07 10617862   /lib/i386-linux-gnu/libusb-1.0.so.0.1.0
75a0e000-75a0f000 r--p 0000d000 08:07 10617862   /lib/i386-linux-gnu/libusb-1.0.so.0.1.0
75a0f000-75a10000 rw-p 0000e000 08:07 10617862   /lib/i386-linux-gnu/libusb-1.0.so.0.1.0
75a68000-75b00000 rw-p 00000000 00:00 0 
75b00000-75bfb000 rw-p 00000000 00:00 0 
75bfb000-75c00000 ---p 00000000 00:00 0 
75c00000-75cf7000 rw-p 00000000 00:00 0 
75cf7000-75d00000 ---p 00000000 00:00 0 
75d00000-75dfa000 rw-p 00000000 00:00 0 
75dfa000-75e00000 ---p 00000000 00:00 0 
75e00000-75efd000 rw-p 00000000 00:00 0 
75efd000-75f00000 ---p 00000000 00:00 0 
75f00000-75fa6000 rw-p 00000000 00:00 0 
75fa6000-76000000 ---p 00000000 00:00 0 
76000000-76100000 rw-p 00000000 00:00 0 
76100000-76200000 rw-p 00000000 00:00 0 
76229000-7622c000 ---p 00000000 00:00 0 
7622c000-7627a000 rwxp 00000000 00:00 0 
7627a000-76300000 rw-p 00000000 00:00 0 
76300000-76400000 rw-p 00000000 00:00 0 
7641c000-7641f000 ---p 00000000 00:00 0 
7641f000-7646d000 rwxp 00000000 00:00 0 
7646d000-76470000 ---p 00000000 00:00 0 
76470000-764be000 rwxp 00000000 00:00 0 
764be000-764c0000 r--s 00009000 08:07 8520209    /home/stee/.m2/repository/org/hamcrest/hamcrest-core/1.3/hamcrest-core-1.3.jar
764c0000-764c6000 r--s 00036000 08:07 8520208    /home/stee/.m2/repository/junit/junit/4.11/junit-4.11.jar
764c6000-764d3000 r--s 0006d000 08:07 8520204    /home/stee/.m2/repository/com/thoughtworks/xstream/xstream/1.4.1/xstream-1.4.1.jar
764d3000-76500000 r--s 00282000 08:07 8520195    /home/stee/.m2/repository/org/drools/drools-core/5.5.0.Final/drools-core-5.5.0.Final.jar
76500000-765fb000 rw-p 00000000 00:00 0 
765fb000-76600000 ---p 00000000 00:00 0 
76600000-766fc000 rw-p 00000000 00:00 0 
766fc000-76700000 ---p 00000000 00:00 0 
76700000-767ff000 rw-p 00000000 00:00 0 
767ff000-76800000 ---p 00000000 00:00 0 
76800000-76803000 r-xp 00000000 08:07 11412432   /usr/lib/libXnCore.so
76803000-76804000 r--p 00002000 08:07 11412432   /usr/lib/libXnCore.so
76804000-76805000 rw-p 00003000 08:07 11412432   /usr/lib/libXnCore.so
76805000-76813000 r--s 0018b000 08:07 8520202    /home/stee/.m2/repository/org/eclipse/jdt/core/compiler/ecj/3.5.1/ecj-3.5.1.jar
76813000-76864000 rwxp 00000000 00:00 0 
76864000-768a8000 r-xp 00000000 08:07 11408186   /usr/lib/i386-linux-gnu/libjpeg.so.8.0.2
768a8000-768a9000 r--p 00044000 08:07 11408186   /usr/lib/i386-linux-gnu/libjpeg.so.8.0.2
768a9000-768aa000 rw-p 00045000 08:07 11408186   /usr/lib/i386-linux-gnu/libjpeg.so.8.0.2
768aa000-768ba000 rw-p 00000000 00:00 0 
768ba000-768bd000 r--s 0007f000 08:07 11414519   /usr/lib/jvm/java-6-openjdk-common/jre/lib/jsse.jar
768bd000-76900000 r--s 00634000 08:07 8520274    /home/stee/.m2/repository/nz/ac/waikato/cms/weka/weka-dev/3.7.9/weka-dev-3.7.9.jar
76900000-769fb000 rw-p 00000000 00:00 0 
769fb000-76a00000 ---p 00000000 00:00 0 
76a00000-76afc000 rw-p 00000000 00:00 0 
76afc000-76b00000 ---p 00000000 00:00 0 
76b01000-76b0d000 r--s 000a9000 08:07 8520203    /home/stee/.m2/repository/org/mvel/mvel2/2.1.3.Final/mvel2-2.1.3.Final.jar
76b0d000-76b10000 ---p 00000000 00:00 0 
76b10000-76b5e000 rwxp 00000000 00:00 0 
76b5e000-76b61000 ---p 00000000 00:00 0 
76b61000-76c00000 rwxp 00000000 00:00 0 
76c00000-76cfc000 rw-p 00000000 00:00 0 
76cfc000-76d00000 ---p 00000000 00:00 0 
76d00000-76d03000 r--s 00022000 08:07 8520200    /home/stee/.m2/repository/org/antlr/stringtemplate/3.2.1/stringtemplate-3.2.1.jar
76d03000-76d0c000 r--s 000d3000 08:07 8520199    /home/stee/.m2/repository/org/antlr/antlr/3.3/antlr-3.3.jar
76d0c000-76d15000 r--s 00025000 08:07 8520196    /home/stee/.m2/repository/org/drools/knowledge-api/5.5.0.Final/knowledge-api-5.5.0.Final.jar
76d15000-76d28000 r--s 00111000 08:07 8520194    /home/stee/.m2/repository/org/drools/drools-compiler/5.5.0.Final/drools-compiler-5.5.0.Final.jar
76d28000-76dca000 rwxp 00000000 00:00 0 
76dca000-76dcb000 r--s 00000000 08:07 13895497   /var/cache/fontconfig/c05880de57d1f5e948fdfacc138775d9-le32d4.cache-3
76dcb000-76dd1000 r--s 00000000 08:07 13895492   /var/cache/fontconfig/945677eb7aeaf62f1d50efc3fb3ec7d8-le32d4.cache-3
76dd1000-76dd3000 r--s 00000000 08:07 13895493   /var/cache/fontconfig/99e8ed0e538f840c565b6ed5dad60d56-le32d4.cache-3
76dd3000-76dd6000 r--s 00000000 08:07 13895479   /var/cache/fontconfig/2cd17615ca594fa2959ae173292e504c-le32d4.cache-3
76dd6000-76dd7000 r--s 00000000 08:07 13895505   /var/cache/fontconfig/e7071f4a29fa870f4323321c154eba04-le32d4.cache-3
76dd7000-76ddb000 r--s 00000000 08:07 13895494   /var/cache/fontconfig/a755afe4a08bf5b97852ceb7400b47bc-le32d4.cache-3
76ddb000-76de2000 r--s 00000000 08:07 13896549   /var/cache/fontconfig/6d41288fd70b0be22e8c3a91e032eec0-le32d4.cache-3
76de2000-76ded000 r--s 00000000 08:07 13895476   /var/cache/fontconfig/04aabc0a78ac019cf9454389977116d2-le32d4.cache-3
76ded000-76df0000 r--s 00000000 08:07 13895482   /var/cache/fontconfig/385c0604a188198f04d133e54aba7fe7-le32d4.cache-3
76df0000-76df3000 r--s 00000000 08:07 13895491   /var/cache/fontconfig/8801497958630a81b71ace7c5f9b32a8-le32d4.cache-3
76df4000-76df5000 rw-s 00000000 00:12 1802203    /run/shm/045e.02ae@1.10-SM (deleted)
76df5000-76dfa000 r--s 00068000 08:07 8520201    /home/stee/.m2/repository/antlr/antlr/2.7.7/antlr-2.7.7.jar
76dfa000-76e04000 r-xp 00000000 08:07 11414568   /usr/lib/jvm/java-6-openjdk-i386/jre/lib/i386/libjpeg.so
76e04000-76e05000 r--p 00009000 08:07 11414568   /usr/lib/jvm/java-6-openjdk-i386/jre/lib/i386/libjpeg.so
76e05000-76e06000 rw-p 0000a000 08:07 11414568   /usr/lib/jvm/java-6-openjdk-i386/jre/lib/i386/libjpeg.so
76e06000-76e1b000 r-xp 00000000 08:07 11414564   /usr/lib/jvm/java-6-openjdk-i386/jre/lib/i386/libnet.so
76e1b000-76e1c000 r--p 00014000 08:07 11414564   /usr/lib/jvm/java-6-openjdk-i386/jre/lib/i386/libnet.so
76e1c000-76e1d000 rw-p 00015000 08:07 11414564   /usr/lib/jvm/java-6-openjdk-i386/jre/lib/i386/libnet.so
76e1d000-76e1e000 r--s 00000000 08:07 13895497   /var/cache/fontconfig/c05880de57d1f5e948fdfacc138775d9-le32d4.cache-3
76e1e000-76e24000 r--s 00000000 08:07 13895492   /var/cache/fontconfig/945677eb7aeaf62f1d50efc3fb3ec7d8-le32d4.cache-3
76e24000-76e26000 r--s 00000000 08:07 13895493   /var/cache/fontconfig/99e8ed0e538f840c565b6ed5dad60d56-le32d4.cache-3
76e26000-76e29000 r--s 00000000 08:07 13895479   /var/cache/fontconfig/2cd17615ca594fa2959ae173292e504c-le32d4.cache-3
76e29000-76e2b000 r--s 00000000 08:07 13897455   /var/cache/fontconfig/b5ea634b0fb353b8ea17632d1f9ef766-le32d4.cache-3
76e2b000-76e2c000 r--s 00000000 08:07 13895485   /var/cache/fontconfig/56cf4f4769d0f4abc89a4895d7bd3ae1-le32d4.cache-3
76e2c000-76e2d000 r--s 00000000 08:07 13895496   /var/cache/fontconfig/b9d506c9ac06c20b433354fa67a72993-le32d4.cache-3
76e2d000-76e31000 r--s 00000000 08:07 13895495   /var/cache/fontconfig/b47c4e1ecd0709278f4910c18777a504-le32d4.cache-3
76e31000-76e3e000 r--s 00000000 08:07 13895501   /var/cache/fontconfig/d52a8644073d54c13679302ca1180695-le32d4.cache-3
76e3e000-76e40000 r--s 00005000 08:07 8520207    /home/stee/.m2/repository/org/slf4j/slf4j-api/1.6.4/slf4j-api-1.6.4.jar
76e40000-76e42000 r--s 00005000 08:07 8520206    /home/stee/.m2/repository/xpp3/xpp3_min/1.1.4c/xpp3_min-1.1.4c.jar
76e42000-76e45000 r--s 00025000 08:07 8520198    /home/stee/.m2/repository/org/antlr/antlr-runtime/3.3/antlr-runtime-3.3.jar
76e45000-76e49000 r-xp 00000000 08:07 11407861   /usr/lib/i386-linux-gnu/libXfixes.so.3.1.0
76e49000-76e4a000 r--p 00004000 08:07 11407861   /usr/lib/i386-linux-gnu/libXfixes.so.3.1.0
76e4a000-76e4b000 rw-p 00005000 08:07 11407861   /usr/lib/i386-linux-gnu/libXfixes.so.3.1.0
76e4b000-76e54000 r-xp 00000000 08:07 11407853   /usr/lib/i386-linux-gnu/libXcursor.so.1.0.2
76e54000-76e55000 r--p 00008000 08:07 11407853   /usr/lib/i386-linux-gnu/libXcursor.so.1.0.2
76e55000-76e56000 rw-p 00009000 08:07 11407853   /usr/lib/i386-linux-gnu/libXcursor.so.1.0.2
76e56000-76e57000 r--s 00001000 08:07 8520205    /home/stee/.m2/repository/xmlpull/xmlpull/1.1.3.1/xmlpull-1.1.3.1.jar
76e57000-76e59000 r--s 00001000 08:07 8520197    /home/stee/.m2/repository/org/drools/knowledge-internal-api/5.5.0.Final/knowledge-internal-api-5.5.0.Final.jar
76e59000-76e5a000 rw-p 00000000 00:00 0 
76e5a000-76e62000 r-xp 00000000 08:07 11414576   /usr/lib/jvm/java-6-openjdk-i386/jre/lib/i386/libnio.so
76e62000-76e63000 r--p 00007000 08:07 11414576   /usr/lib/jvm/java-6-openjdk-i386/jre/lib/i386/libnio.so
76e63000-76e64000 rw-p 00008000 08:07 11414576   /usr/lib/jvm/java-6-openjdk-i386/jre/lib/i386/libnio.so
76e64000-76e68000 r--s 0001c000 08:07 8520239    /home/stee/.m2/repository/org/OpenNI/OpenNI/1.5.4.0/OpenNI-1.5.4.0.jar
76e68000-76e69000 r--s 0000b000 08:07 8520276    /home/stee/.m2/repository/org/pentaho/pentaho-commons/pentaho-package-manager/1.0.6/pentaho-package-manager-1.0.6.jar
76e69000-76e6b000 r--s 00016000 08:07 8520275    /home/stee/.m2/repository/net/sf/squirrel-sql/thirdparty-non-maven/java-cup/0.11a/java-cup-0.11a.jar
76e6b000-76e72000 r--s 000fc000 08:07 11414503   /usr/lib/jvm/java-6-openjdk-common/jre/lib/resources.jar
76e72000-76e76000 r--s 00000000 08:07 13895480   /var/cache/fontconfig/3047814df9a2f067bd2d96a2b9c36e5a-le32d4.cache-3
76e76000-76e84000 r--s 00000000 08:07 13896616   /var/cache/fontconfig/e13b20fdb08344e0e664864cc2ede53d-le32d4.cache-3
76e84000-76e87000 r--s 00000000 08:07 13896614   /var/cache/fontconfig/7ef2298fde41cc6eeb7af42e48b7d293-le32d4.cache-3
76e87000-76ed8000 rwxp 00000000 00:00 0 
76ed8000-76f6d000 r-xp 00000000 08:07 11408039   /usr/lib/i386-linux-gnu/libfreetype.so.6.8.0
76f6d000-76f71000 r--p 00094000 08:07 11408039   /usr/lib/i386-linux-gnu/libfreetype.so.6.8.0
76f71000-76f72000 rw-p 00098000 08:07 11408039   /usr/lib/i386-linux-gnu/libfreetype.so.6.8.0
76f72000-76fba000 r-xp 00000000 08:07 11414554   /usr/lib/jvm/java-6-openjdk-i386/jre/lib/i386/libfontmanager.so
76fba000-76fbb000 r--p 00048000 08:07 11414554   /usr/lib/jvm/java-6-openjdk-i386/jre/lib/i386/libfontmanager.so
76fbb000-76fbc000 rw-p 00049000 08:07 11414554   /usr/lib/jvm/java-6-openjdk-i386/jre/lib/i386/libfontmanager.so
76fbc000-770ec000 r-xp 00000000 08:07 11408448   /usr/lib/i386-linux-gnu/libX11.so.6.3.0
770ec000-770ed000 r--p 0012f000 08:07 11408448   /usr/lib/i386-linux-gnu/libX11.so.6.3.0
770ed000-770ef000 rw-p 00130000 08:07 11408448   /usr/lib/i386-linux-gnu/libX11.so.6.3.0
770ef000-770f0000 rw-p 00000000 00:00 0 
770f0000-7713c000 r-xp 00000000 08:07 11414657   /usr/lib/jvm/java-6-openjdk-i386/jre/lib/i386/xawt/libmawt.so
7713c000-7713d000 r--p 0004b000 08:07 11414657   /usr/lib/jvm/java-6-openjdk-i386/jre/lib/i386/xawt/libmawt.so
7713d000-7713f000 rw-p 0004c000 08:07 11414657   /usr/lib/jvm/java-6-openjdk-i386/jre/lib/i386/xawt/libmawt.so
7713f000-77140000 rw-p 00000000 00:00 0 
77140000-771d4000 r-xp 00000000 08:07 11414559   /usr/lib/jvm/java-6-openjdk-i386/jre/lib/i386/libawt.so
771d4000-771d5000 r--p 00093000 08:07 11414559   /usr/lib/jvm/java-6-openjdk-i386/jre/lib/i386/libawt.so
771d5000-771dc000 rw-p 00094000 08:07 11414559   /usr/lib/jvm/java-6-openjdk-i386/jre/lib/i386/libawt.so
771dc000-77200000 rw-p 00000000 00:00 0 
77200000-77300000 rw-p 00000000 00:00 0 
77300000-77301000 r--s 00000000 08:07 13896617   /var/cache/fontconfig/617957603a337376ca8784972c6029f5-le32d4.cache-3
77301000-77303000 r--s 00000000 08:07 13897455   /var/cache/fontconfig/b5ea634b0fb353b8ea17632d1f9ef766-le32d4.cache-3
77303000-77304000 r--s 00000000 08:07 13895477   /var/cache/fontconfig/0d8c3b2ac0904cb8a57a757ad11a4a08-le32d4.cache-3
77304000-77308000 r--s 00000000 08:07 13895494   /var/cache/fontconfig/a755afe4a08bf5b97852ceb7400b47bc-le32d4.cache-3
77308000-7730f000 r--s 00000000 08:07 13896549   /var/cache/fontconfig/6d41288fd70b0be22e8c3a91e032eec0-le32d4.cache-3
7730f000-7731a000 r--s 00000000 08:07 13895476   /var/cache/fontconfig/04aabc0a78ac019cf9454389977116d2-le32d4.cache-3
7731a000-7731d000 r--s 00000000 08:07 13895482   /var/cache/fontconfig/385c0604a188198f04d133e54aba7fe7-le32d4.cache-3
7731d000-7731e000 r--s 00000000 08:07 13895483   /var/cache/fontconfig/4794a0821666d79190d59a36cb4f44b5-le32d4.cache-3
7731e000-77321000 r--s 00000000 08:07 13895491   /var/cache/fontconfig/8801497958630a81b71ace7c5f9b32a8-le32d4.cache-3
77321000-77340000 r-xp 00000000 08:07 11408010   /usr/lib/i386-linux-gnu/libxcb.so.1.1.0
77340000-77341000 r--p 0001f000 08:07 11408010   /usr/lib/i386-linux-gnu/libxcb.so.1.1.0
77341000-77342000 rw-p 00020000 08:07 11408010   /usr/lib/i386-linux-gnu/libxcb.so.1.1.0
77342000-77343000 ---p 00000000 00:00 0 
77343000-77414000 rwxp 00000000 00:00 0 
77414000-77415000 ---p 00000000 00:00 0 
77415000-77495000 rwxp 00000000 00:00 0 
77495000-77496000 ---p 00000000 00:00 0 
77496000-77516000 rwxp 00000000 00:00 0 
77516000-77716000 r--p 00000000 08:07 11410122   /usr/lib/locale/locale-archive
77716000-777b8000 rwxp 00000000 00:00 0 
777b8000-777b9000 ---p 00000000 00:00 0 
777b9000-77839000 rwxp 00000000 00:00 0 
77839000-7786c000 rw-p 00000000 00:00 0 
7786c000-77a00000 r--s 03807000 08:07 11414546   /usr/lib/jvm/java-6-openjdk-i386/jre/lib/rt.jar
77a00000-77afe000 rw-p 00000000 00:00 0 
77afe000-77b00000 ---p 00000000 00:00 0 
77b00000-77b01000 r--s 00000000 08:07 13896617   /var/cache/fontconfig/617957603a337376ca8784972c6029f5-le32d4.cache-3
77b01000-77b02000 r--s 00000000 08:07 13895477   /var/cache/fontconfig/0d8c3b2ac0904cb8a57a757ad11a4a08-le32d4.cache-3
77b02000-77b06000 r--s 00000000 08:07 13895495   /var/cache/fontconfig/b47c4e1ecd0709278f4910c18777a504-le32d4.cache-3
77b06000-77b13000 r--s 00000000 08:07 13895501   /var/cache/fontconfig/d52a8644073d54c13679302ca1180695-le32d4.cache-3
77b13000-77b18000 r-xp 00000000 08:07 11407857   /usr/lib/i386-linux-gnu/libXdmcp.so.6.0.0
77b18000-77b19000 r--p 00004000 08:07 11407857   /usr/lib/i386-linux-gnu/libXdmcp.so.6.0.0
77b19000-77b1a000 rw-p 00005000 08:07 11407857   /usr/lib/i386-linux-gnu/libXdmcp.so.6.0.0
77b1a000-77b1c000 r-xp 00000000 08:07 11407846   /usr/lib/i386-linux-gnu/libXau.so.6.0.0
77b1c000-77b1d000 r--p 00001000 08:07 11407846   /usr/lib/i386-linux-gnu/libXau.so.6.0.0
77b1d000-77b1e000 rw-p 00002000 08:07 11407846   /usr/lib/i386-linux-gnu/libXau.so.6.0.0
77b1e000-77b2c000 r-xp 00000000 08:07 11407865   /usr/lib/i386-linux-gnu/libXi.so.6.1.0
77b2c000-77b2d000 r--p 0000d000 08:07 11407865   /usr/lib/i386-linux-gnu/libXi.so.6.1.0
77b2d000-77b2e000 rw-p 0000e000 08:07 11407865   /usr/lib/i386-linux-gnu/libXi.so.6.1.0
77b2e000-77b7f000 rwxp 00000000 00:00 0 
77b7f000-77b80000 ---p 00000000 00:00 0 
77b80000-77c00000 rwxp 00000000 00:00 0 
77c00000-77cf6000 rw-p 00000000 00:00 0 
77cf6000-77d00000 ---p 00000000 00:00 0 
77d00000-77d01000 r--s 00000000 08:07 13895483   /var/cache/fontconfig/4794a0821666d79190d59a36cb4f44b5-le32d4.cache-3
77d01000-77d09000 r-xp 00000000 08:07 11407879   /usr/lib/i386-linux-gnu/libXrender.so.1.3.0
77d09000-77d0a000 r--p 00007000 08:07 11407879   /usr/lib/i386-linux-gnu/libXrender.so.1.3.0
77d0a000-77d0b000 rw-p 00008000 08:07 11407879   /usr/lib/i386-linux-gnu/libXrender.so.1.3.0
77d0b000-77d1b000 r-xp 00000000 08:07 11407843   /usr/lib/i386-linux-gnu/libXext.so.6.4.0
77d1b000-77d1c000 r--p 0000f000 08:07 11407843   /usr/lib/i386-linux-gnu/libXext.so.6.4.0
77d1c000-77d1d000 rw-p 00010000 08:07 11407843   /usr/lib/i386-linux-gnu/libXext.so.6.4.0
77d1d000-77d21000 r--s 00000000 08:07 13895480   /var/cache/fontconfig/3047814df9a2f067bd2d96a2b9c36e5a-le32d4.cache-3
77d21000-77d2f000 r--s 00000000 08:07 13896616   /var/cache/fontconfig/e13b20fdb08344e0e664864cc2ede53d-le32d4.cache-3
77d2f000-77d32000 r--s 00000000 08:07 13896614   /var/cache/fontconfig/7ef2298fde41cc6eeb7af42e48b7d293-le32d4.cache-3
77d32000-77d33000 ---p 00000000 00:00 0 
77d33000-77db3000 rwxp 00000000 00:00 0 
77db3000-77dcc000 rw-p 00000000 00:00 0 
77dcc000-77df3000 rw-p 00000000 00:00 0 
77df3000-77e16000 rw-p 00000000 00:00 0 
77e16000-77f05000 rw-p 00000000 00:00 0 
77f05000-77f1e000 rw-p 00000000 00:00 0 
77f1e000-77f45000 rw-p 00000000 00:00 0 
77f45000-77f68000 rw-p 00000000 00:00 0 
77f68000-78056000 rw-p 00000000 00:00 0 
78056000-78095000 rw-p 00000000 00:00 0 
78095000-7809b000 ---p 00000000 00:00 0 
7809b000-780df000 rw-p 00000000 00:00 0 
780df000-7b1c0000 rw-p 00000000 00:00 0 
7b1c0000-800e0000 rw-p 00000000 00:00 0 
800e0000-84530000 rw-p 00000000 00:00 0 
84530000-a2390000 rw-p 00000000 00:00 0 
a2390000-aa0e0000 rw-p 00000000 00:00 0 
aa0e0000-aac70000 ---p 00000000 00:00 0 
aac70000-b34e0000 rw-p 00000000 00:00 0 
b34e0000-b34e1000 r--s 00000000 08:07 13895505   /var/cache/fontconfig/e7071f4a29fa870f4323321c154eba04-le32d4.cache-3
b34e1000-b34e2000 r--s 00000000 08:07 13895485   /var/cache/fontconfig/56cf4f4769d0f4abc89a4895d7bd3ae1-le32d4.cache-3
b34e2000-b34e7000 r-xp 00000000 08:07 11407883   /usr/lib/i386-linux-gnu/libXtst.so.6.1.0
b34e7000-b34e8000 r--p 00004000 08:07 11407883   /usr/lib/i386-linux-gnu/libXtst.so.6.1.0
b34e8000-b34e9000 rw-p 00005000 08:07 11407883   /usr/lib/i386-linux-gnu/libXtst.so.6.1.0
b34e9000-b34ed000 r--s 00039000 08:07 11414492   /usr/lib/jvm/java-6-openjdk-common/jre/lib/ext/sunpkcs11.jar
b34ed000-b34ef000 r--s 00001000 08:07 11414495   /usr/lib/jvm/java-6-openjdk-common/jre/lib/ext/dnsns.jar
b34ef000-b34f8000 rw-p 00000000 00:00 0 
b34f8000-b35af000 rw-p 00000000 00:00 0 
b35af000-b37ef000 rwxp 00000000 00:00 0 
b37ef000-b65af000 rw-p 00000000 00:00 0 
b65af000-b65ba000 r-xp 00000000 08:07 10617810   /lib/i386-linux-gnu/libnss_files-2.15.so
b65ba000-b65bb000 r--p 0000a000 08:07 10617810   /lib/i386-linux-gnu/libnss_files-2.15.so
b65bb000-b65bc000 rw-p 0000b000 08:07 10617810   /lib/i386-linux-gnu/libnss_files-2.15.so
b65bc000-b65c6000 r-xp 00000000 08:07 10617814   /lib/i386-linux-gnu/libnss_nis-2.15.so
b65c6000-b65c7000 r--p 00009000 08:07 10617814   /lib/i386-linux-gnu/libnss_nis-2.15.so
b65c7000-b65c8000 rw-p 0000a000 08:07 10617814   /lib/i386-linux-gnu/libnss_nis-2.15.so
b65c8000-b65de000 r-xp 00000000 08:07 10617804   /lib/i386-linux-gnu/libnsl-2.15.so
b65de000-b65df000 r--p 00015000 08:07 10617804   /lib/i386-linux-gnu/libnsl-2.15.so
b65df000-b65e0000 rw-p 00016000 08:07 10617804   /lib/i386-linux-gnu/libnsl-2.15.so
b65e0000-b65e2000 rw-p 00000000 00:00 0 
b65e2000-b65e9000 r-xp 00000000 08:07 10617806   /lib/i386-linux-gnu/libnss_compat-2.15.so
b65e9000-b65ea000 r--p 00006000 08:07 10617806   /lib/i386-linux-gnu/libnss_compat-2.15.so
b65ea000-b65eb000 rw-p 00007000 08:07 10617806   /lib/i386-linux-gnu/libnss_compat-2.15.so
b65eb000-b65ec000 r--s 00000000 08:07 13895496   /var/cache/fontconfig/b9d506c9ac06c20b433354fa67a72993-le32d4.cache-3
b65ec000-b65ef000 r--s 00077000 08:07 11414494   /usr/lib/jvm/java-6-openjdk-common/jre/lib/ext/localedata.jar
b65ef000-b65f6000 r-xp 00000000 08:07 11414562   /usr/lib/jvm/java-6-openjdk-i386/jre/lib/i386/libzip.so
b65f6000-b65f7000 r--p 00006000 08:07 11414562   /usr/lib/jvm/java-6-openjdk-i386/jre/lib/i386/libzip.so
b65f7000-b65f8000 rw-p 00007000 08:07 11414562   /usr/lib/jvm/java-6-openjdk-i386/jre/lib/i386/libzip.so
b65f8000-b6600000 rw-s 00000000 08:07 4325564    /tmp/hsperfdata_stee/5645
b6600000-b66f0000 rw-p 00000000 00:00 0 
b66f0000-b6700000 ---p 00000000 00:00 0 
b6700000-b6702000 r--s 0000f000 08:07 11414493   /usr/lib/jvm/java-6-openjdk-common/jre/lib/ext/pulse-java.jar
b6702000-b6728000 r-xp 00000000 08:07 11414557   /usr/lib/jvm/java-6-openjdk-i386/jre/lib/i386/libjava.so
b6728000-b6729000 r--p 00025000 08:07 11414557   /usr/lib/jvm/java-6-openjdk-i386/jre/lib/i386/libjava.so
b6729000-b672b000 rw-p 00026000 08:07 11414557   /usr/lib/jvm/java-6-openjdk-i386/jre/lib/i386/libjava.so
b672b000-b6732000 r-xp 00000000 08:07 10617845   /lib/i386-linux-gnu/librt-2.15.so
b6732000-b6733000 r--p 00006000 08:07 10617845   /lib/i386-linux-gnu/librt-2.15.so
b6733000-b6734000 rw-p 00007000 08:07 10617845   /lib/i386-linux-gnu/librt-2.15.so
b6734000-b6735000 ---p 00000000 00:00 0 
b6735000-b6785000 rwxp 00000000 00:00 0 
b6785000-b67a1000 r-xp 00000000 08:07 10617780   /lib/i386-linux-gnu/libgcc_s.so.1
b67a1000-b67a2000 r--p 0001b000 08:07 10617780   /lib/i386-linux-gnu/libgcc_s.so.1
b67a2000-b67a3000 rw-p 0001c000 08:07 10617780   /lib/i386-linux-gnu/libgcc_s.so.1
b67a3000-b67cd000 r-xp 00000000 08:07 10617791   /lib/i386-linux-gnu/libm-2.15.so
b67cd000-b67ce000 r--p 00029000 08:07 10617791   /lib/i386-linux-gnu/libm-2.15.so
b67ce000-b67cf000 rw-p 0002a000 08:07 10617791   /lib/i386-linux-gnu/libm-2.15.so
b67cf000-b68a7000 r-xp 00000000 08:07 11408377   /usr/lib/i386-linux-gnu/libstdc++.so.6.0.16
b68a7000-b68a8000 ---p 000d8000 08:07 11408377   /usr/lib/i386-linux-gnu/libstdc++.so.6.0.16
b68a8000-b68ac000 r--p 000d8000 08:07 11408377   /usr/lib/i386-linux-gnu/libstdc++.so.6.0.16
b68ac000-b68ad000 rw-p 000dc000 08:07 11408377   /usr/lib/i386-linux-gnu/libstdc++.so.6.0.16
b68ad000-b68b4000 rw-p 00000000 00:00 0 
b68b4000-b70d4000 r-xp 00000000 08:07 11534759   /usr/lib/jvm/java-6-openjdk-i386/jre/lib/i386/server/libjvm.so
b70d4000-b7119000 r--p 0081f000 08:07 11534759   /usr/lib/jvm/java-6-openjdk-i386/jre/lib/i386/server/libjvm.so
b7119000-b7128000 rw-p 00864000 08:07 11534759   /usr/lib/jvm/java-6-openjdk-i386/jre/lib/i386/server/libjvm.so
b7128000-b7544000 rw-p 00000000 00:00 0 
b7544000-b7558000 r-xp 00000000 08:07 10617870   /lib/i386-linux-gnu/libz.so.1.2.3.4
b7558000-b7559000 r--p 00013000 08:07 10617870   /lib/i386-linux-gnu/libz.so.1.2.3.4
b7559000-b755a000 rw-p 00014000 08:07 10617870   /lib/i386-linux-gnu/libz.so.1.2.3.4
b755a000-b76f9000 r-xp 00000000 08:07 10617759   /lib/i386-linux-gnu/libc-2.15.so
b76f9000-b76fb000 r--p 0019f000 08:07 10617759   /lib/i386-linux-gnu/libc-2.15.so
b76fb000-b76fc000 rw-p 001a1000 08:07 10617759   /lib/i386-linux-gnu/libc-2.15.so
b76fc000-b76ff000 rw-p 00000000 00:00 0 
b76ff000-b7702000 r-xp 00000000 08:07 10617772   /lib/i386-linux-gnu/libdl-2.15.so
b7702000-b7703000 r--p 00002000 08:07 10617772   /lib/i386-linux-gnu/libdl-2.15.so
b7703000-b7704000 rw-p 00003000 08:07 10617772   /lib/i386-linux-gnu/libdl-2.15.so
b7704000-b7708000 r-xp 00000000 08:07 11534776   /usr/lib/jvm/java-6-openjdk-i386/jre/lib/i386/jli/libjli.so
b7708000-b7709000 r--p 00003000 08:07 11534776   /usr/lib/jvm/java-6-openjdk-i386/jre/lib/i386/jli/libjli.so
b7709000-b770a000 rw-p 00004000 08:07 11534776   /usr/lib/jvm/java-6-openjdk-i386/jre/lib/i386/jli/libjli.so
b770a000-b770b000 rw-p 00000000 00:00 0 
b770b000-b7722000 r-xp 00000000 08:07 10617839   /lib/i386-linux-gnu/libpthread-2.15.so
b7722000-b7723000 r--p 00016000 08:07 10617839   /lib/i386-linux-gnu/libpthread-2.15.so
b7723000-b7724000 rw-p 00017000 08:07 10617839   /lib/i386-linux-gnu/libpthread-2.15.so
b7724000-b7726000 rw-p 00000000 00:00 0 
b7726000-b7727000 r--s 00007000 08:07 11806525   /usr/share/java/java-atk-wrapper.jar
b7727000-b772a000 r--s 00031000 08:07 11414496   /usr/lib/jvm/java-6-openjdk-common/jre/lib/ext/sunjce_provider.jar
b772a000-b772b000 r--p 00859000 08:07 11410122   /usr/lib/locale/locale-archive
b772b000-b772c000 rw-p 00000000 00:00 0 
b772c000-b772d000 r--p 00000000 00:00 0 
b772d000-b7738000 r-xp 00000000 08:07 11414577   /usr/lib/jvm/java-6-openjdk-i386/jre/lib/i386/libverify.so
b7738000-b7739000 ---p 0000b000 08:07 11414577   /usr/lib/jvm/java-6-openjdk-i386/jre/lib/i386/libverify.so
b7739000-b773a000 r--p 0000b000 08:07 11414577   /usr/lib/jvm/java-6-openjdk-i386/jre/lib/i386/libverify.so
b773a000-b773b000 rw-p 0000c000 08:07 11414577   /usr/lib/jvm/java-6-openjdk-i386/jre/lib/i386/libverify.so
b773b000-b773d000 rw-p 00000000 00:00 0 
b773d000-b773e000 r-xp 00000000 00:00 0          [vdso]
b773e000-b775e000 r-xp 00000000 08:07 10617739   /lib/i386-linux-gnu/ld-2.15.so
b775e000-b775f000 r--p 0001f000 08:07 10617739   /lib/i386-linux-gnu/ld-2.15.so
b775f000-b7760000 rw-p 00020000 08:07 10617739   /lib/i386-linux-gnu/ld-2.15.so
bfc4d000-bfc6c000 rwxp 00000000 00:00 0          [stack]
bfc6c000-bfc6e000 rw-p 00000000 00:00 0 

VM Arguments:
jvm_args: -Dfile.encoding=UTF-8 
java_command: applet.Distribution_StayInShape
Launcher Type: SUN_STANDARD

Environment Variables:
PATH=/usr/lib/lightdm/lightdm:/usr/local/sbin:/usr/local/bin:/usr/sbin:/usr/bin:/sbin:/bin:/usr/games
LD_LIBRARY_PATH=/usr/lib/jvm/java-6-openjdk-i386/jre/lib/i386/server:/usr/lib/jvm/java-6-openjdk-i386/jre/lib/i386:/usr/lib/jvm/java-6-openjdk-i386/jre/../lib/i386:/usr/lib/jvm/java-6-openjdk-i386/jre/lib/i386/client:/usr/lib/jvm/java-6-openjdk-i386/jre/lib/i386:
SHELL=/bin/bash
DISPLAY=:0

Signal Handlers:
SIGSEGV: [libjvm.so+0x66e730], sa_mask[0]=0x7ffbfeff, sa_flags=0x10000004
SIGBUS: [libjvm.so+0x66e730], sa_mask[0]=0x7ffbfeff, sa_flags=0x10000004
SIGFPE: [libjvm.so+0x530470], sa_mask[0]=0x7ffbfeff, sa_flags=0x10000004
SIGPIPE: [libjvm.so+0x530470], sa_mask[0]=0x7ffbfeff, sa_flags=0x10000004
SIGXFSZ: [libjvm.so+0x530470], sa_mask[0]=0x7ffbfeff, sa_flags=0x10000004
SIGILL: [libjvm.so+0x530470], sa_mask[0]=0x7ffbfeff, sa_flags=0x10000004
SIGUSR1: SIG_DFL, sa_mask[0]=0x00000000, sa_flags=0x00000000
SIGUSR2: [libjvm.so+0x530300], sa_mask[0]=0x00000004, sa_flags=0x10000004
SIGHUP: [libjvm.so+0x533290], sa_mask[0]=0x7ffbfeff, sa_flags=0x10000004
SIGINT: [libjvm.so+0x533290], sa_mask[0]=0x7ffbfeff, sa_flags=0x10000004
SIGTERM: [libjvm.so+0x533290], sa_mask[0]=0x7ffbfeff, sa_flags=0x10000004
SIGQUIT: [libjvm.so+0x533290], sa_mask[0]=0x7ffbfeff, sa_flags=0x10000004


---------------  S Y S T E M  ---------------

OS:Ubuntu 12.04 (precise)
uname:Linux 3.2.0-51-generic-pae #77-Ubuntu SMP Wed Jul 24 20:40:32 UTC 2013 i686
libc:glibc 2.15 NPTL 2.15 
rlimit: STACK 8192k, CORE 0k, NPROC 26107, NOFILE 4096, AS infinity
load average:1.84 1.55 2.20

/proc/meminfo:
MemTotal:        3356416 kB
MemFree:          219272 kB
Buffers:          208712 kB
Cached:          1254044 kB
SwapCached:         2112 kB
Active:          1962604 kB
Inactive:        1041320 kB
Active(anon):    1198460 kB
Inactive(anon):   356892 kB
Active(file):     764144 kB
Inactive(file):   684428 kB
Unevictable:           0 kB
Mlocked:               0 kB
HighTotal:       2494056 kB
HighFree:          62044 kB
LowTotal:         862360 kB
LowFree:          157228 kB
SwapTotal:       3404796 kB
SwapFree:        3397556 kB
Dirty:              1500 kB
Writeback:           148 kB
AnonPages:       1539508 kB
Mapped:           157616 kB
Shmem:             13980 kB
Slab:              96832 kB
SReclaimable:      78780 kB
SUnreclaim:        18052 kB
KernelStack:        3384 kB
PageTables:         8868 kB
NFS_Unstable:          0 kB
Bounce:                0 kB
WritebackTmp:          0 kB
CommitLimit:     5083004 kB
Committed_AS:    3295340 kB
VmallocTotal:     122880 kB
VmallocUsed:       13716 kB
VmallocChunk:     108292 kB
HardwareCorrupted:     0 kB
AnonHugePages:         0 kB
HugePages_Total:       0
HugePages_Free:        0
HugePages_Rsvd:        0
HugePages_Surp:        0
Hugepagesize:       2048 kB
DirectMap4k:        8184 kB
DirectMap2M:      905216 kB


CPU:total 2 (2 cores per cpu, 1 threads per core) family 17 model 3 stepping 1, cmov, cx8, fxsr, mmx, sse, sse2, sse3, mmxext, 3dnowpref

Memory: 4k page, physical 3356416k(219272k free), swap 3404796k(3397556k free)

vm_info: OpenJDK Server VM (20.0-b12) for linux-x86 JRE (1.6.0_27-b27), built on Jul 17 2013 13:43:50 by "buildd" with gcc 4.6.3

time: Thu Oct 10 09:41:59 2013
elapsed time: 56 seconds

